<?xml version="1.0" encoding="UTF-8"?>
<testsuite xmlns:xsi="http://www.w3.org/2001/XMLSchema-instance" xsi:noNamespaceSchemaLocation="https://maven.apache.org/surefire/maven-surefire-plugin/xsd/surefire-test-report-3.0.xsd" version="3.0" name="acmemedical.TestACMEMedicalSystem" time="0.982" tests="1" errors="1" skipped="0" failures="0">
  <properties>
    <property name="java.specification.version" value="21"/>
    <property name="sun.cpu.isalist" value="amd64"/>
    <property name="sun.jnu.encoding" value="Cp1252"/>
    <property name="java.class.path" value="E:\Level 4\8277\lab\Assignment4\GroupAssignment4\REST-ACMEMedical-Skeleton\s4_java_group\REST-ACMEMedical-Skeleton\target\test-classes;E:\Level 4\8277\lab\Assignment4\GroupAssignment4\REST-ACMEMedical-Skeleton\s4_java_group\REST-ACMEMedical-Skeleton\target\classes;C:\Users\Arnold Duan\.m2\repository\org\apache\logging\log4j\log4j-api\2.17.2\log4j-api-2.17.2.jar;C:\Users\Arnold Duan\.m2\repository\org\apache\logging\log4j\log4j-core\2.17.2\log4j-core-2.17.2.jar;C:\Users\Arnold Duan\.m2\repository\jakarta\platform\jakarta.jakartaee-api\9.0.0\jakarta.jakartaee-api-9.0.0.jar;C:\Users\Arnold Duan\.m2\repository\org\glassfish\soteria\jakarta.security.enterprise\2.0.0\jakarta.security.enterprise-2.0.0.jar;C:\Users\Arnold Duan\.m2\repository\jakarta\security\enterprise\jakarta.security.enterprise-api\2.0.0\jakarta.security.enterprise-api-2.0.0.jar;C:\Users\Arnold Duan\.m2\repository\jakarta\annotation\jakarta.annotation-api\2.0.0\jakarta.annotation-api-2.0.0.jar;C:\Users\Arnold Duan\.m2\repository\jakarta\ejb\jakarta.ejb-api\4.0.0\jakarta.ejb-api-4.0.0.jar;C:\Users\Arnold Duan\.m2\repository\jakarta\xml\bind\jakarta.xml.bind-api\3.0.0\jakarta.xml.bind-api-3.0.0.jar;C:\Users\Arnold Duan\.m2\repository\com\sun\activation\jakarta.activation\2.0.0\jakarta.activation-2.0.0.jar;C:\Users\Arnold Duan\.m2\repository\com\fasterxml\jackson\core\jackson-databind\2.17.1\jackson-databind-2.17.1.jar;C:\Users\Arnold Duan\.m2\repository\com\fasterxml\jackson\core\jackson-annotations\2.17.1\jackson-annotations-2.17.1.jar;C:\Users\Arnold Duan\.m2\repository\com\fasterxml\jackson\core\jackson-core\2.17.1\jackson-core-2.17.1.jar;C:\Users\Arnold Duan\.m2\repository\com\fasterxml\jackson\module\jackson-module-jakarta-xmlbind-annotations\2.17.1\jackson-module-jakarta-xmlbind-annotations-2.17.1.jar;C:\Users\Arnold Duan\.m2\repository\jakarta\activation\jakarta.activation-api\2.1.0\jakarta.activation-api-2.1.0.jar;C:\Users\Arnold Duan\.m2\repository\com\fasterxml\jackson\datatype\jackson-datatype-jsr310\2.17.1\jackson-datatype-jsr310-2.17.1.jar;C:\Users\Arnold Duan\.m2\repository\com\fasterxml\jackson\jakarta\rs\jackson-jakarta-rs-json-provider\2.17.1\jackson-jakarta-rs-json-provider-2.17.1.jar;C:\Users\Arnold Duan\.m2\repository\com\fasterxml\jackson\jakarta\rs\jackson-jakarta-rs-base\2.17.1\jackson-jakarta-rs-base-2.17.1.jar;C:\Users\Arnold Duan\.m2\repository\com\mysql\mysql-connector-j\8.0.31\mysql-connector-j-8.0.31.jar;C:\Users\Arnold Duan\.m2\repository\com\google\protobuf\protobuf-java\3.19.4\protobuf-java-3.19.4.jar;C:\Users\Arnold Duan\.m2\repository\org\hibernate\hibernate-core-jakarta\5.6.15.Final\hibernate-core-jakarta-5.6.15.Final.jar;C:\Users\Arnold Duan\.m2\repository\org\jboss\logging\jboss-logging\3.4.3.Final\jboss-logging-3.4.3.Final.jar;C:\Users\Arnold Duan\.m2\repository\jakarta\persistence\jakarta.persistence-api\3.0.0\jakarta.persistence-api-3.0.0.jar;C:\Users\Arnold Duan\.m2\repository\net\bytebuddy\byte-buddy\1.12.18\byte-buddy-1.12.18.jar;C:\Users\Arnold Duan\.m2\repository\antlr\antlr\2.7.7\antlr-2.7.7.jar;C:\Users\Arnold Duan\.m2\repository\jakarta\transaction\jakarta.transaction-api\2.0.0\jakarta.transaction-api-2.0.0.jar;C:\Users\Arnold Duan\.m2\repository\org\jboss\jandex\2.4.2.Final\jandex-2.4.2.Final.jar;C:\Users\Arnold Duan\.m2\repository\com\fasterxml\classmate\1.5.1\classmate-1.5.1.jar;C:\Users\Arnold Duan\.m2\repository\org\dom4j\dom4j\2.1.3\dom4j-2.1.3.jar;C:\Users\Arnold Duan\.m2\repository\org\hibernate\common\hibernate-commons-annotations\5.1.2.Final\hibernate-commons-annotations-5.1.2.Final.jar;C:\Users\Arnold Duan\.m2\repository\org\glassfish\jaxb\jaxb-runtime\3.0.0\jaxb-runtime-3.0.0.jar;C:\Users\Arnold Duan\.m2\repository\org\glassfish\jaxb\jaxb-core\3.0.0\jaxb-core-3.0.0.jar;C:\Users\Arnold Duan\.m2\repository\org\glassfish\jaxb\txw2\3.0.0\txw2-3.0.0.jar;C:\Users\Arnold Duan\.m2\repository\com\sun\istack\istack-commons-runtime\4.0.0\istack-commons-runtime-4.0.0.jar;C:\Users\Arnold Duan\.m2\repository\org\junit\jupiter\junit-jupiter\5.7.0\junit-jupiter-5.7.0.jar;C:\Users\Arnold Duan\.m2\repository\org\junit\jupiter\junit-jupiter-api\5.7.0\junit-jupiter-api-5.7.0.jar;C:\Users\Arnold Duan\.m2\repository\org\apiguardian\apiguardian-api\1.1.0\apiguardian-api-1.1.0.jar;C:\Users\Arnold Duan\.m2\repository\org\opentest4j\opentest4j\1.2.0\opentest4j-1.2.0.jar;C:\Users\Arnold Duan\.m2\repository\org\junit\platform\junit-platform-commons\1.7.0\junit-platform-commons-1.7.0.jar;C:\Users\Arnold Duan\.m2\repository\org\junit\jupiter\junit-jupiter-params\5.7.0\junit-jupiter-params-5.7.0.jar;C:\Users\Arnold Duan\.m2\repository\org\junit\jupiter\junit-jupiter-engine\5.7.0\junit-jupiter-engine-5.7.0.jar;C:\Users\Arnold Duan\.m2\repository\org\junit\platform\junit-platform-engine\1.7.0\junit-platform-engine-1.7.0.jar;C:\Users\Arnold Duan\.m2\repository\org\hamcrest\hamcrest\2.2\hamcrest-2.2.jar;C:\Users\Arnold Duan\.m2\repository\org\hamcrest\hamcrest-library\2.2\hamcrest-library-2.2.jar;C:\Users\Arnold Duan\.m2\repository\org\hamcrest\hamcrest-core\2.2\hamcrest-core-2.2.jar;C:\Users\Arnold Duan\.m2\repository\org\glassfish\jersey\core\jersey-client\3.0.0\jersey-client-3.0.0.jar;C:\Users\Arnold Duan\.m2\repository\jakarta\ws\rs\jakarta.ws.rs-api\3.0.0\jakarta.ws.rs-api-3.0.0.jar;C:\Users\Arnold Duan\.m2\repository\org\glassfish\jersey\core\jersey-common\3.0.0\jersey-common-3.0.0.jar;C:\Users\Arnold Duan\.m2\repository\org\glassfish\hk2\osgi-resource-locator\1.0.3\osgi-resource-locator-1.0.3.jar;C:\Users\Arnold Duan\.m2\repository\jakarta\inject\jakarta.inject-api\2.0.0\jakarta.inject-api-2.0.0.jar;C:\Users\Arnold Duan\.m2\repository\org\glassfish\jersey\inject\jersey-hk2\3.0.0\jersey-hk2-3.0.0.jar;C:\Users\Arnold Duan\.m2\repository\org\glassfish\hk2\hk2-locator\3.0.0-RC1\hk2-locator-3.0.0-RC1.jar;C:\Users\Arnold Duan\.m2\repository\org\glassfish\hk2\external\aopalliance-repackaged\3.0.0-RC1\aopalliance-repackaged-3.0.0-RC1.jar;C:\Users\Arnold Duan\.m2\repository\org\glassfish\hk2\hk2-api\3.0.0-RC1\hk2-api-3.0.0-RC1.jar;C:\Users\Arnold Duan\.m2\repository\org\glassfish\hk2\hk2-utils\3.0.0-RC1\hk2-utils-3.0.0-RC1.jar;C:\Users\Arnold Duan\.m2\repository\org\javassist\javassist\3.25.0-GA\javassist-3.25.0-GA.jar;"/>
    <property name="java.vm.vendor" value="Oracle Corporation"/>
    <property name="sun.arch.data.model" value="64"/>
    <property name="user.variant" value=""/>
    <property name="java.vendor.url" value="https://java.oracle.com/"/>
    <property name="user.timezone" value="America/Toronto"/>
    <property name="os.name" value="Windows 10"/>
    <property name="java.vm.specification.version" value="21"/>
    <property name="sun.java.launcher" value="SUN_STANDARD"/>
    <property name="user.country" value="US"/>
    <property name="sun.boot.library.path" value="C:\Program Files\Java\jdk-21\bin"/>
    <property name="sun.java.command" value="C:\Users\Arnold Duan\AppData\Local\Temp\surefire8882961616317609413\surefirebooter10665434048743771054.jar C:\Users\Arnold Duan\AppData\Local\Temp\surefire8882961616317609413 2024-11-20T21-35-31_475-jvmRun1 surefire8370250395400234177tmp surefire_01122476744585092812tmp"/>
    <property name="jdk.debug" value="release"/>
    <property name="surefire.test.class.path" value="E:\Level 4\8277\lab\Assignment4\GroupAssignment4\REST-ACMEMedical-Skeleton\s4_java_group\REST-ACMEMedical-Skeleton\target\test-classes;E:\Level 4\8277\lab\Assignment4\GroupAssignment4\REST-ACMEMedical-Skeleton\s4_java_group\REST-ACMEMedical-Skeleton\target\classes;C:\Users\Arnold Duan\.m2\repository\org\apache\logging\log4j\log4j-api\2.17.2\log4j-api-2.17.2.jar;C:\Users\Arnold Duan\.m2\repository\org\apache\logging\log4j\log4j-core\2.17.2\log4j-core-2.17.2.jar;C:\Users\Arnold Duan\.m2\repository\jakarta\platform\jakarta.jakartaee-api\9.0.0\jakarta.jakartaee-api-9.0.0.jar;C:\Users\Arnold Duan\.m2\repository\org\glassfish\soteria\jakarta.security.enterprise\2.0.0\jakarta.security.enterprise-2.0.0.jar;C:\Users\Arnold Duan\.m2\repository\jakarta\security\enterprise\jakarta.security.enterprise-api\2.0.0\jakarta.security.enterprise-api-2.0.0.jar;C:\Users\Arnold Duan\.m2\repository\jakarta\annotation\jakarta.annotation-api\2.0.0\jakarta.annotation-api-2.0.0.jar;C:\Users\Arnold Duan\.m2\repository\jakarta\ejb\jakarta.ejb-api\4.0.0\jakarta.ejb-api-4.0.0.jar;C:\Users\Arnold Duan\.m2\repository\jakarta\xml\bind\jakarta.xml.bind-api\3.0.0\jakarta.xml.bind-api-3.0.0.jar;C:\Users\Arnold Duan\.m2\repository\com\sun\activation\jakarta.activation\2.0.0\jakarta.activation-2.0.0.jar;C:\Users\Arnold Duan\.m2\repository\com\fasterxml\jackson\core\jackson-databind\2.17.1\jackson-databind-2.17.1.jar;C:\Users\Arnold Duan\.m2\repository\com\fasterxml\jackson\core\jackson-annotations\2.17.1\jackson-annotations-2.17.1.jar;C:\Users\Arnold Duan\.m2\repository\com\fasterxml\jackson\core\jackson-core\2.17.1\jackson-core-2.17.1.jar;C:\Users\Arnold Duan\.m2\repository\com\fasterxml\jackson\module\jackson-module-jakarta-xmlbind-annotations\2.17.1\jackson-module-jakarta-xmlbind-annotations-2.17.1.jar;C:\Users\Arnold Duan\.m2\repository\jakarta\activation\jakarta.activation-api\2.1.0\jakarta.activation-api-2.1.0.jar;C:\Users\Arnold Duan\.m2\repository\com\fasterxml\jackson\datatype\jackson-datatype-jsr310\2.17.1\jackson-datatype-jsr310-2.17.1.jar;C:\Users\Arnold Duan\.m2\repository\com\fasterxml\jackson\jakarta\rs\jackson-jakarta-rs-json-provider\2.17.1\jackson-jakarta-rs-json-provider-2.17.1.jar;C:\Users\Arnold Duan\.m2\repository\com\fasterxml\jackson\jakarta\rs\jackson-jakarta-rs-base\2.17.1\jackson-jakarta-rs-base-2.17.1.jar;C:\Users\Arnold Duan\.m2\repository\com\mysql\mysql-connector-j\8.0.31\mysql-connector-j-8.0.31.jar;C:\Users\Arnold Duan\.m2\repository\com\google\protobuf\protobuf-java\3.19.4\protobuf-java-3.19.4.jar;C:\Users\Arnold Duan\.m2\repository\org\hibernate\hibernate-core-jakarta\5.6.15.Final\hibernate-core-jakarta-5.6.15.Final.jar;C:\Users\Arnold Duan\.m2\repository\org\jboss\logging\jboss-logging\3.4.3.Final\jboss-logging-3.4.3.Final.jar;C:\Users\Arnold Duan\.m2\repository\jakarta\persistence\jakarta.persistence-api\3.0.0\jakarta.persistence-api-3.0.0.jar;C:\Users\Arnold Duan\.m2\repository\net\bytebuddy\byte-buddy\1.12.18\byte-buddy-1.12.18.jar;C:\Users\Arnold Duan\.m2\repository\antlr\antlr\2.7.7\antlr-2.7.7.jar;C:\Users\Arnold Duan\.m2\repository\jakarta\transaction\jakarta.transaction-api\2.0.0\jakarta.transaction-api-2.0.0.jar;C:\Users\Arnold Duan\.m2\repository\org\jboss\jandex\2.4.2.Final\jandex-2.4.2.Final.jar;C:\Users\Arnold Duan\.m2\repository\com\fasterxml\classmate\1.5.1\classmate-1.5.1.jar;C:\Users\Arnold Duan\.m2\repository\org\dom4j\dom4j\2.1.3\dom4j-2.1.3.jar;C:\Users\Arnold Duan\.m2\repository\org\hibernate\common\hibernate-commons-annotations\5.1.2.Final\hibernate-commons-annotations-5.1.2.Final.jar;C:\Users\Arnold Duan\.m2\repository\org\glassfish\jaxb\jaxb-runtime\3.0.0\jaxb-runtime-3.0.0.jar;C:\Users\Arnold Duan\.m2\repository\org\glassfish\jaxb\jaxb-core\3.0.0\jaxb-core-3.0.0.jar;C:\Users\Arnold Duan\.m2\repository\org\glassfish\jaxb\txw2\3.0.0\txw2-3.0.0.jar;C:\Users\Arnold Duan\.m2\repository\com\sun\istack\istack-commons-runtime\4.0.0\istack-commons-runtime-4.0.0.jar;C:\Users\Arnold Duan\.m2\repository\org\junit\jupiter\junit-jupiter\5.7.0\junit-jupiter-5.7.0.jar;C:\Users\Arnold Duan\.m2\repository\org\junit\jupiter\junit-jupiter-api\5.7.0\junit-jupiter-api-5.7.0.jar;C:\Users\Arnold Duan\.m2\repository\org\apiguardian\apiguardian-api\1.1.0\apiguardian-api-1.1.0.jar;C:\Users\Arnold Duan\.m2\repository\org\opentest4j\opentest4j\1.2.0\opentest4j-1.2.0.jar;C:\Users\Arnold Duan\.m2\repository\org\junit\platform\junit-platform-commons\1.7.0\junit-platform-commons-1.7.0.jar;C:\Users\Arnold Duan\.m2\repository\org\junit\jupiter\junit-jupiter-params\5.7.0\junit-jupiter-params-5.7.0.jar;C:\Users\Arnold Duan\.m2\repository\org\junit\jupiter\junit-jupiter-engine\5.7.0\junit-jupiter-engine-5.7.0.jar;C:\Users\Arnold Duan\.m2\repository\org\junit\platform\junit-platform-engine\1.7.0\junit-platform-engine-1.7.0.jar;C:\Users\Arnold Duan\.m2\repository\org\hamcrest\hamcrest\2.2\hamcrest-2.2.jar;C:\Users\Arnold Duan\.m2\repository\org\hamcrest\hamcrest-library\2.2\hamcrest-library-2.2.jar;C:\Users\Arnold Duan\.m2\repository\org\hamcrest\hamcrest-core\2.2\hamcrest-core-2.2.jar;C:\Users\Arnold Duan\.m2\repository\org\glassfish\jersey\core\jersey-client\3.0.0\jersey-client-3.0.0.jar;C:\Users\Arnold Duan\.m2\repository\jakarta\ws\rs\jakarta.ws.rs-api\3.0.0\jakarta.ws.rs-api-3.0.0.jar;C:\Users\Arnold Duan\.m2\repository\org\glassfish\jersey\core\jersey-common\3.0.0\jersey-common-3.0.0.jar;C:\Users\Arnold Duan\.m2\repository\org\glassfish\hk2\osgi-resource-locator\1.0.3\osgi-resource-locator-1.0.3.jar;C:\Users\Arnold Duan\.m2\repository\jakarta\inject\jakarta.inject-api\2.0.0\jakarta.inject-api-2.0.0.jar;C:\Users\Arnold Duan\.m2\repository\org\glassfish\jersey\inject\jersey-hk2\3.0.0\jersey-hk2-3.0.0.jar;C:\Users\Arnold Duan\.m2\repository\org\glassfish\hk2\hk2-locator\3.0.0-RC1\hk2-locator-3.0.0-RC1.jar;C:\Users\Arnold Duan\.m2\repository\org\glassfish\hk2\external\aopalliance-repackaged\3.0.0-RC1\aopalliance-repackaged-3.0.0-RC1.jar;C:\Users\Arnold Duan\.m2\repository\org\glassfish\hk2\hk2-api\3.0.0-RC1\hk2-api-3.0.0-RC1.jar;C:\Users\Arnold Duan\.m2\repository\org\glassfish\hk2\hk2-utils\3.0.0-RC1\hk2-utils-3.0.0-RC1.jar;C:\Users\Arnold Duan\.m2\repository\org\javassist\javassist\3.25.0-GA\javassist-3.25.0-GA.jar;"/>
    <property name="sun.cpu.endian" value="little"/>
    <property name="user.home" value="C:\Users\Arnold Duan"/>
    <property name="user.language" value="en"/>
    <property name="java.specification.vendor" value="Oracle Corporation"/>
    <property name="java.version.date" value="2024-07-16"/>
    <property name="java.home" value="C:\Program Files\Java\jdk-21"/>
    <property name="file.separator" value="\"/>
    <property name="basedir" value="E:\Level 4\8277\lab\Assignment4\GroupAssignment4\REST-ACMEMedical-Skeleton\s4_java_group\REST-ACMEMedical-Skeleton"/>
    <property name="java.vm.compressedOopsMode" value="32-bit"/>
    <property name="line.separator" value="&#10;"/>
    <property name="java.vm.specification.vendor" value="Oracle Corporation"/>
    <property name="java.specification.name" value="Java Platform API Specification"/>
    <property name="surefire.real.class.path" value="C:\Users\Arnold Duan\AppData\Local\Temp\surefire8882961616317609413\surefirebooter10665434048743771054.jar"/>
    <property name="user.script" value=""/>
    <property name="sun.management.compiler" value="HotSpot 64-Bit Tiered Compilers"/>
    <property name="java.runtime.version" value="21.0.4+8-LTS-274"/>
    <property name="user.name" value="Arnold Duan"/>
    <property name="stdout.encoding" value="Cp1252"/>
    <property name="path.separator" value=";"/>
    <property name="os.version" value="10.0"/>
    <property name="java.runtime.name" value="Java(TM) SE Runtime Environment"/>
    <property name="file.encoding" value="UTF-8"/>
    <property name="java.vm.name" value="Java HotSpot(TM) 64-Bit Server VM"/>
    <property name="localRepository" value="C:\Users\Arnold Duan\.m2\repository"/>
    <property name="java.vendor.url.bug" value="https://bugreport.java.com/bugreport/"/>
    <property name="java.io.tmpdir" value="C:\Users\ARNOLD~1\AppData\Local\Temp\"/>
    <property name="java.version" value="21.0.4"/>
    <property name="user.dir" value="E:\Level 4\8277\lab\Assignment4\GroupAssignment4\REST-ACMEMedical-Skeleton\s4_java_group\REST-ACMEMedical-Skeleton"/>
    <property name="os.arch" value="amd64"/>
    <property name="java.vm.specification.name" value="Java Virtual Machine Specification"/>
    <property name="sun.os.patch.level" value=""/>
    <property name="native.encoding" value="Cp1252"/>
    <property name="java.library.path" value="C:\Program Files\Java\jdk-21\bin;C:\Windows\Sun\Java\bin;C:\Windows\system32;C:\Windows;C:\Program Files (x86)\Common Files\Oracle\Java\java8path;C:\Program Files (x86)\Common Files\Oracle\Java\javapath;C:\Program Files\Apache Software Foundation\apache-maven-3.9.8\bin;C:\Program Files\dotnet\;C:\Program Files\Microsoft SQL Server\Client SDK\ODBC\170\Tools\Binn\;C:\Program Files\Microsoft SQL Server\160\DTS\Binn\;C:\Program Files\Git\cmd;C:\Users\Arnold Duan\AppData\Local\Programs\Python\Launcher\;C:\Program Files\Java\jdk-21\bin;C:\Program Files\MySQL\MySQL Shell 8.0\bin\;C:\Users\Arnold Duan\AppData\Local\Microsoft\WindowsApps;C:\Program Files\Azure Data Studio\bin;C:\Users\Arnold Duan\AppData\Local\Programs\Microsoft VS Code\bin;C:\Windows\System32;C:\Program Files\Apache Software Foundation\apache-maven-3.9.8\bin;;d:\Program Files\JetBrains\PyCharm 2024.2.1\bin;;."/>
    <property name="java.vm.info" value="mixed mode, sharing"/>
    <property name="stderr.encoding" value="Cp1252"/>
    <property name="java.vendor" value="Oracle Corporation"/>
    <property name="java.vm.version" value="21.0.4+8-LTS-274"/>
    <property name="sun.io.unicode.encoding" value="UnicodeLittle"/>
    <property name="java.class.version" value="65.0"/>
  </properties>
  <testcase name="test01_all_physicians_with_adminrole" classname="acmemedical.TestACMEMedicalSystem" time="0.506">
    <error type="jakarta.ws.rs.ProcessingException"><![CDATA[jakarta.ws.rs.ProcessingException: java.net.ConnectException: Connection refused: connect
	at acmemedical.TestACMEMedicalSystem.test01_all_physicians_with_adminrole(TestACMEMedicalSystem.java:93)
Caused by: java.net.ConnectException: Connection refused: connect
	at acmemedical.TestACMEMedicalSystem.test01_all_physicians_with_adminrole(TestACMEMedicalSystem.java:93)
]]></error>
    <system-out><![CDATA[   acmemedical.TestACMEMedicalSystem | oneTimeSetUp]]></system-out>
  </testcase>
</testsuite>